
~~~~~~~~~~~~~~~
* Mr. Nobody
* 2009
* undefined
* Belgium, Germany, Canada, France
* English, Mohawk
* A boy stands on a station platform as a train is about to leave. Should he go with his mother or stay with his father? Infinite possibilities arise from this decision. As long as he doesn't choose, anything is possible.
* Jared Leto, Sarah Polley, Diane Kruger, Linh Dan Pham
~~~~~~~~~~~~~~~~~~~~~~~~~~~~~~
* Mr. Nobody
* 2009
* undefined
* Belgium, Germany, Canada, France
* English, Mohawk
* A boy stands on a station platform as a train is about to leave. Should he go with his mother or stay with his father? Infinite possibilities arise from this decision. As long as he doesn't choose, anything is possible.
* Jared Leto, Sarah Polley, Diane Kruger, Linh Dan Pham
~~~~~~~~~~~~~~~~~~~~~~~~~~~~~~
* Mr. Nobody
* 2009
* undefined
* Belgium, Germany, Canada, France
* English, Mohawk
* A boy stands on a station platform as a train is about to leave. Should he go with his mother or stay with his father? Infinite possibilities arise from this decision. As long as he doesn't choose, anything is possible.
* Jared Leto, Sarah Polley, Diane Kruger, Linh Dan Pham
~~~~~~~~~~~~~~~~~~~~~~~~~~~~~~
* Mr. Nobody
* 2009
* undefined
* Belgium, Germany, Canada, France
* English, Mohawk
* A boy stands on a station platform as a train is about to leave. Should he go with his mother or stay with his father? Infinite possibilities arise from this decision. As long as he doesn't choose, anything is possible.
* Jared Leto, Sarah Polley, Diane Kruger, Linh Dan Pham
~~~~~~~~~~~~~~~~~~~~~~~~~~~~~~
* Mr. Nobody
* 2009
* undefined
* Belgium, Germany, Canada, France
* English, Mohawk
* A boy stands on a station platform as a train is about to leave. Should he go with his mother or stay with his father? Infinite possibilities arise from this decision. As long as he doesn't choose, anything is possible.
* Jared Leto, Sarah Polley, Diane Kruger, Linh Dan Pham
~~~~~~~~~~~~~~~~~~~~~~~~~~~~~~
* Mr. Nobody
* 2009
* undefined
* Belgium, Germany, Canada, France
* English, Mohawk
* A boy stands on a station platform as a train is about to leave. Should he go with his mother or stay with his father? Infinite possibilities arise from this decision. As long as he doesn't choose, anything is possible.
* Jared Leto, Sarah Polley, Diane Kruger, Linh Dan Pham
~~~~~~~~~~~~~~~